<?xml version="1.0" encoding="UTF-8"?>
<!-- Generated by org.testng.reporters.JUnitXMLReporter -->
<testsuite ignored="2" hostname="DESKTOP-NABB45F" failures="1" tests="1" name="Test" time="37.802" errors="0" timestamp="2025-12-02T16:41:18 IST">
  <testcase classname="testCases.LoginPageTest" name="verify_login" time="10.407">
    <failure type="java.lang.AssertionError" message="Login failed - MyAccount page not displayed expected [true] but found [false]">
      <![CDATA[java.lang.AssertionError: Login failed - MyAccount page not displayed expected [true] but found [false]
at testCases.LoginPageTest.verify_login(LoginPageTest.java:31)
at java.base/java.util.ArrayList.forEach(ArrayList.java:1597)
... Removed 28 stack frames]]>
    </failure>
  </testcase> <!-- verify_login -->
  <testcase classname="testCases.LoginPageDDT" name="verify_loginDDT" time="0.0">
    <ignored/>
  </testcase> <!-- verify_loginDDT -->
  <testcase classname="testCases.AccountRegistrationPageTest" name="verifyUserRegistration" time="0.0">
    <ignored/>
  </testcase> <!-- verifyUserRegistration -->
</testsuite> <!-- Test -->
