<?xml version="1.0" encoding="UTF-8"?>
<!-- Generated by org.testng.reporters.JUnitXMLReporter -->
<testsuite ignored="2" hostname="DESKTOP-NABB45F" failures="0" tests="1" name="Test" time="35.88" errors="0" timestamp="2025-12-03T13:30:29 IST">
  <testcase classname="testCases.LoginPageTest" name="verify_login" time="8.184"/>
  <testcase classname="testCases.LoginPageDDT" name="verify_loginDDT" time="0.0">
    <ignored/>
  </testcase> <!-- verify_loginDDT -->
  <testcase classname="testCases.AccountRegistrationPageTest" name="verifyUserRegistration" time="0.0">
    <ignored/>
  </testcase> <!-- verifyUserRegistration -->
</testsuite> <!-- Test -->
