2025-11-30 17:47:54 [main] INFO  testCases.AccountRegistrationPageTest - *******verify user registration test cases started
2025-11-30 17:47:55 [main] INFO  testCases.AccountRegistrationPageTest - *******CLICKED ON MYACCOUNT LINK
2025-11-30 17:47:56 [main] INFO  testCases.AccountRegistrationPageTest - *******CLICKED ON Register LINK
2025-11-30 17:47:56 [main] INFO  testCases.AccountRegistrationPageTest - ******providing customer details
2025-11-30 17:47:57 [main] INFO  testCases.AccountRegistrationPageTest - *******Validating expected message
2025-11-30 17:52:25 [main] INFO  testCases.AccountRegistrationPageTest - *******verify user registration test cases started
2025-11-30 17:52:26 [main] INFO  testCases.AccountRegistrationPageTest - *******CLICKED ON MYACCOUNT LINK
2025-11-30 17:52:27 [main] INFO  testCases.AccountRegistrationPageTest - *******CLICKED ON Register LINK
2025-11-30 17:52:27 [main] INFO  testCases.AccountRegistrationPageTest - ******providing customer details
2025-11-30 17:52:29 [main] INFO  testCases.AccountRegistrationPageTest - *******Validating expected message
2025-11-30 17:52:29 [main] ERROR testCases.AccountRegistrationPageTest - User registration test failed!
java.lang.AssertionError: expected [Your Account Has Ben Created!] but found [Your Account Has Been Created!]
	at org.testng.Assert.fail(Assert.java:99)
	at org.testng.Assert.failNotEquals(Assert.java:1037)
	at org.testng.Assert.assertEqualsImpl(Assert.java:140)
	at org.testng.Assert.assertEquals(Assert.java:122)
	at org.testng.Assert.assertEquals(Assert.java:629)
	at org.testng.Assert.assertEquals(Assert.java:639)
	at testCases.AccountRegistrationPageTest.verifyUserRegistration(AccountRegistrationPageTest.java:33)
	at java.base/jdk.internal.reflect.DirectMethodHandleAccessor.invoke(DirectMethodHandleAccessor.java:103)
	at java.base/java.lang.reflect.Method.invoke(Method.java:580)
	at org.testng.internal.MethodInvocationHelper.invokeMethod(MethodInvocationHelper.java:133)
	at org.testng.internal.TestInvoker.invokeMethod(TestInvoker.java:598)
	at org.testng.internal.TestInvoker.invokeTestMethod(TestInvoker.java:173)
	at org.testng.internal.MethodRunner.runInSequence(MethodRunner.java:46)
	at org.testng.internal.TestInvoker$MethodInvocationAgent.invoke(TestInvoker.java:824)
	at org.testng.internal.TestInvoker.invokeTestMethods(TestInvoker.java:146)
	at org.testng.internal.TestMethodWorker.invokeTestMethods(TestMethodWorker.java:146)
	at org.testng.internal.TestMethodWorker.run(TestMethodWorker.java:128)
	at java.base/java.util.ArrayList.forEach(ArrayList.java:1597)
	at org.testng.TestRunner.privateRun(TestRunner.java:794)
	at org.testng.TestRunner.run(TestRunner.java:596)
	at org.testng.SuiteRunner.runTest(SuiteRunner.java:377)
	at org.testng.SuiteRunner.runSequentially(SuiteRunner.java:371)
	at org.testng.SuiteRunner.privateRun(SuiteRunner.java:332)
	at org.testng.SuiteRunner.run(SuiteRunner.java:276)
	at org.testng.SuiteRunnerWorker.runSuite(SuiteRunnerWorker.java:53)
	at org.testng.SuiteRunnerWorker.run(SuiteRunnerWorker.java:96)
	at org.testng.TestNG.runSuitesSequentially(TestNG.java:1212)
	at org.testng.TestNG.runSuitesLocally(TestNG.java:1134)
	at org.testng.TestNG.runSuites(TestNG.java:1063)
	at org.testng.TestNG.run(TestNG.java:1031)
	at org.testng.remote.AbstractRemoteTestNG.run(AbstractRemoteTestNG.java:115)
	at org.testng.remote.RemoteTestNG.initAndRun(RemoteTestNG.java:293)
	at org.testng.remote.RemoteTestNG.main(RemoteTestNG.java:91)
2025-11-30 19:23:54 [main] INFO  testCases.AccountRegistrationPageTest - *******verify user registration test cases started
2025-11-30 19:23:56 [main] INFO  testCases.AccountRegistrationPageTest - *******CLICKED ON MYACCOUNT LINK
2025-11-30 19:23:57 [main] INFO  testCases.AccountRegistrationPageTest - *******CLICKED ON Register LINK
2025-11-30 19:23:57 [main] INFO  testCases.AccountRegistrationPageTest - ******providing customer details
2025-11-30 19:23:59 [main] INFO  testCases.AccountRegistrationPageTest - *******Validating expected message
2025-11-30 19:23:59 [main] INFO  testCases.AccountRegistrationPageTest - ************verify account registration test finished********
2025-11-30 19:24:18 [main] INFO  testCases.AccountRegistrationPageTest - *******verify user registration test cases started
2025-11-30 19:24:18 [main] INFO  testCases.AccountRegistrationPageTest - *******CLICKED ON MYACCOUNT LINK
2025-11-30 19:24:19 [main] INFO  testCases.AccountRegistrationPageTest - *******CLICKED ON Register LINK
2025-11-30 19:24:19 [main] INFO  testCases.AccountRegistrationPageTest - ******providing customer details
2025-11-30 19:24:21 [main] INFO  testCases.AccountRegistrationPageTest - *******Validating expected message
2025-11-30 19:24:21 [main] INFO  testCases.AccountRegistrationPageTest - ************verify account registration test finished********
2025-11-30 19:24:36 [main] INFO  testCases.AccountRegistrationPageTest - *******verify user registration test cases started
2025-11-30 19:24:36 [main] INFO  testCases.AccountRegistrationPageTest - *******CLICKED ON MYACCOUNT LINK
2025-11-30 19:24:37 [main] INFO  testCases.AccountRegistrationPageTest - *******CLICKED ON Register LINK
2025-11-30 19:24:37 [main] INFO  testCases.AccountRegistrationPageTest - ******providing customer details
2025-11-30 19:24:39 [main] INFO  testCases.AccountRegistrationPageTest - *******Validating expected message
2025-11-30 19:24:39 [main] INFO  testCases.AccountRegistrationPageTest - ************verify account registration test finished********
2025-11-30 19:32:36 [main] INFO  testCases.AccountRegistrationPageTest - *******verify user registration test cases started
2025-11-30 19:32:39 [main] ERROR testCases.AccountRegistrationPageTest - Unexpected error during registration test!
org.openqa.selenium.TimeoutException: Expected condition failed: waiting for element to be clickable: [[ChromeDriver: chrome on windows (5dbd913c5660de619b1f5698788e07da)] -> xpath: //span[text()='My Account']] (tried for 3 second(s) with 500 milliseconds interval)
Build info: version: '4.31.0', revision: '1ef9f18787*'
System info: os.name: 'Windows 11', os.arch: 'amd64', os.version: '10.0', java.version: '23.0.2'
Driver info: org.openqa.selenium.chrome.ChromeDriver
Capabilities {acceptInsecureCerts: false, browserName: chrome, browserVersion: 142.0.7444.176, chrome: {chromedriverVersion: 142.0.7444.175 (302067f14a4..., userDataDir: C:\Users\Shashank\AppData\L...}, fedcm:accounts: true, goog:chromeOptions: {debuggerAddress: localhost:63811}, goog:processID: 25804, networkConnectionEnabled: false, pageLoadStrategy: normal, platformName: windows, proxy: Proxy(), se:cdp: ws://localhost:63811/devtoo..., se:cdpVersion: 142.0.7444.176, setWindowRect: true, strictFileInteractability: false, timeouts: {implicit: 0, pageLoad: 300000, script: 30000}, unhandledPromptBehavior: dismiss and notify, webauthn:extension:credBlob: true, webauthn:extension:largeBlob: true, webauthn:extension:minPinLength: true, webauthn:extension:prf: true, webauthn:virtualAuthenticators: true}
Session ID: 5dbd913c5660de619b1f5698788e07da
	at org.openqa.selenium.support.ui.WebDriverWait.timeoutException(WebDriverWait.java:84)
	at org.openqa.selenium.support.ui.FluentWait.until(FluentWait.java:228)
	at pageObjects.HomePage.clickMyAccount(HomePage.java:37)
	at testCases.AccountRegistrationPageTest.verifyUserRegistration(AccountRegistrationPageTest.java:24)
	at java.base/jdk.internal.reflect.DirectMethodHandleAccessor.invoke(DirectMethodHandleAccessor.java:103)
	at java.base/java.lang.reflect.Method.invoke(Method.java:580)
	at org.testng.internal.MethodInvocationHelper.invokeMethod(MethodInvocationHelper.java:133)
	at org.testng.internal.TestInvoker.invokeMethod(TestInvoker.java:598)
	at org.testng.internal.TestInvoker.invokeTestMethod(TestInvoker.java:173)
	at org.testng.internal.MethodRunner.runInSequence(MethodRunner.java:46)
	at org.testng.internal.TestInvoker$MethodInvocationAgent.invoke(TestInvoker.java:824)
	at org.testng.internal.TestInvoker.invokeTestMethods(TestInvoker.java:146)
	at org.testng.internal.TestMethodWorker.invokeTestMethods(TestMethodWorker.java:146)
	at org.testng.internal.TestMethodWorker.run(TestMethodWorker.java:128)
	at java.base/java.util.ArrayList.forEach(ArrayList.java:1597)
	at org.testng.TestRunner.privateRun(TestRunner.java:794)
	at org.testng.TestRunner.run(TestRunner.java:596)
	at org.testng.SuiteRunner.runTest(SuiteRunner.java:377)
	at org.testng.SuiteRunner.runSequentially(SuiteRunner.java:371)
	at org.testng.SuiteRunner.privateRun(SuiteRunner.java:332)
	at org.testng.SuiteRunner.run(SuiteRunner.java:276)
	at org.testng.SuiteRunnerWorker.runSuite(SuiteRunnerWorker.java:53)
	at org.testng.SuiteRunnerWorker.run(SuiteRunnerWorker.java:96)
	at org.testng.TestNG.runSuitesSequentially(TestNG.java:1212)
	at org.testng.TestNG.runSuitesLocally(TestNG.java:1134)
	at org.testng.TestNG.runSuites(TestNG.java:1063)
	at org.testng.TestNG.run(TestNG.java:1031)
	at org.testng.remote.AbstractRemoteTestNG.run(AbstractRemoteTestNG.java:115)
	at org.testng.remote.RemoteTestNG.initAndRun(RemoteTestNG.java:293)
	at org.testng.remote.RemoteTestNG.main(RemoteTestNG.java:91)
2025-11-30 19:33:10 [main] INFO  testCases.AccountRegistrationPageTest - *******verify user registration test cases started
2025-11-30 19:33:12 [main] INFO  testCases.AccountRegistrationPageTest - *******CLICKED ON MYACCOUNT LINK
2025-11-30 19:33:13 [main] INFO  testCases.AccountRegistrationPageTest - *******CLICKED ON Register LINK
2025-11-30 19:33:13 [main] INFO  testCases.AccountRegistrationPageTest - ******providing customer details
2025-11-30 19:33:15 [main] INFO  testCases.AccountRegistrationPageTest - *******Validating expected message
2025-11-30 19:33:15 [main] INFO  testCases.AccountRegistrationPageTest - ************verify account registration test finished********
2025-11-30 19:33:40 [main] INFO  testCases.AccountRegistrationPageTest - *******verify user registration test cases started
2025-11-30 19:33:41 [main] INFO  testCases.AccountRegistrationPageTest - *******CLICKED ON MYACCOUNT LINK
2025-11-30 19:33:41 [main] INFO  testCases.AccountRegistrationPageTest - *******CLICKED ON Register LINK
2025-11-30 19:33:41 [main] INFO  testCases.AccountRegistrationPageTest - ******providing customer details
2025-11-30 19:33:44 [main] INFO  testCases.AccountRegistrationPageTest - *******Validating expected message
2025-11-30 19:33:44 [main] INFO  testCases.AccountRegistrationPageTest - ************verify account registration test finished********
2025-11-30 19:40:57 [TestNG-tests-1] INFO  testCases.AccountRegistrationPageTest - *******verify user registration test cases started
2025-11-30 19:40:59 [TestNG-tests-1] INFO  testCases.AccountRegistrationPageTest - *******CLICKED ON MYACCOUNT LINK
2025-11-30 19:41:00 [TestNG-tests-1] INFO  testCases.AccountRegistrationPageTest - *******CLICKED ON Register LINK
2025-11-30 19:41:00 [TestNG-tests-1] INFO  testCases.AccountRegistrationPageTest - ******providing customer details
2025-11-30 19:41:47 [TestNG-tests-3] INFO  testCases.AccountRegistrationPageTest - *******verify user registration test cases started
2025-11-30 19:41:48 [TestNG-tests-3] INFO  testCases.AccountRegistrationPageTest - *******CLICKED ON MYACCOUNT LINK
2025-11-30 19:41:50 [TestNG-tests-3] INFO  testCases.AccountRegistrationPageTest - *******CLICKED ON Register LINK
2025-11-30 19:41:50 [TestNG-tests-3] INFO  testCases.AccountRegistrationPageTest - ******providing customer details
2025-11-30 19:41:53 [TestNG-tests-3] INFO  testCases.AccountRegistrationPageTest - *******Validating expected message
2025-11-30 19:41:53 [TestNG-tests-1] INFO  testCases.AccountRegistrationPageTest - *******Validating expected message
2025-11-30 19:41:53 [TestNG-tests-3] INFO  testCases.AccountRegistrationPageTest - ************verify account registration test finished********
2025-11-30 19:41:54 [TestNG-tests-1] INFO  testCases.AccountRegistrationPageTest - ************verify account registration test finished********
2025-11-30 23:39:07 [main] INFO  testCases.AccountRegistrationPageTest - *******verify user registration test cases started
2025-11-30 23:39:10 [main] ERROR testCases.AccountRegistrationPageTest - Unexpected error during registration test!
org.openqa.selenium.TimeoutException: Expected condition failed: waiting for element to be clickable: [[ChromeDriver: chrome on windows (88c28866c53f0a79c29c0aacd734bf15)] -> xpath: //span[text()='My Account']] (tried for 3 second(s) with 500 milliseconds interval)
Build info: version: '4.31.0', revision: '1ef9f18787*'
System info: os.name: 'Windows 11', os.arch: 'amd64', os.version: '10.0', java.version: '23.0.2'
Driver info: org.openqa.selenium.chrome.ChromeDriver
Capabilities {acceptInsecureCerts: false, browserName: chrome, browserVersion: 142.0.7444.176, chrome: {chromedriverVersion: 142.0.7444.175 (302067f14a4..., userDataDir: C:\Users\Shashank\AppData\L...}, fedcm:accounts: true, goog:chromeOptions: {debuggerAddress: localhost:54096}, goog:processID: 12012, networkConnectionEnabled: false, pageLoadStrategy: normal, platformName: windows, proxy: Proxy(), se:cdp: ws://localhost:54096/devtoo..., se:cdpVersion: 142.0.7444.176, setWindowRect: true, strictFileInteractability: false, timeouts: {implicit: 0, pageLoad: 300000, script: 30000}, unhandledPromptBehavior: dismiss and notify, webauthn:extension:credBlob: true, webauthn:extension:largeBlob: true, webauthn:extension:minPinLength: true, webauthn:extension:prf: true, webauthn:virtualAuthenticators: true}
Session ID: 88c28866c53f0a79c29c0aacd734bf15
	at org.openqa.selenium.support.ui.WebDriverWait.timeoutException(WebDriverWait.java:84)
	at org.openqa.selenium.support.ui.FluentWait.until(FluentWait.java:228)
	at pageObjects.HomePage.clickMyAccount(HomePage.java:40)
	at testCases.AccountRegistrationPageTest.verifyUserRegistration(AccountRegistrationPageTest.java:24)
	at java.base/jdk.internal.reflect.DirectMethodHandleAccessor.invoke(DirectMethodHandleAccessor.java:103)
	at java.base/java.lang.reflect.Method.invoke(Method.java:580)
	at org.testng.internal.MethodInvocationHelper.invokeMethod(MethodInvocationHelper.java:133)
	at org.testng.internal.TestInvoker.invokeMethod(TestInvoker.java:598)
	at org.testng.internal.TestInvoker.invokeTestMethod(TestInvoker.java:173)
	at org.testng.internal.MethodRunner.runInSequence(MethodRunner.java:46)
	at org.testng.internal.TestInvoker$MethodInvocationAgent.invoke(TestInvoker.java:824)
	at org.testng.internal.TestInvoker.invokeTestMethods(TestInvoker.java:146)
	at org.testng.internal.TestMethodWorker.invokeTestMethods(TestMethodWorker.java:146)
	at org.testng.internal.TestMethodWorker.run(TestMethodWorker.java:128)
	at java.base/java.util.ArrayList.forEach(ArrayList.java:1597)
	at org.testng.TestRunner.privateRun(TestRunner.java:794)
	at org.testng.TestRunner.run(TestRunner.java:596)
	at org.testng.SuiteRunner.runTest(SuiteRunner.java:377)
	at org.testng.SuiteRunner.runSequentially(SuiteRunner.java:371)
	at org.testng.SuiteRunner.privateRun(SuiteRunner.java:332)
	at org.testng.SuiteRunner.run(SuiteRunner.java:276)
	at org.testng.SuiteRunnerWorker.runSuite(SuiteRunnerWorker.java:53)
	at org.testng.SuiteRunnerWorker.run(SuiteRunnerWorker.java:96)
	at org.testng.TestNG.runSuitesSequentially(TestNG.java:1212)
	at org.testng.TestNG.runSuitesLocally(TestNG.java:1134)
	at org.testng.TestNG.runSuites(TestNG.java:1063)
	at org.testng.TestNG.run(TestNG.java:1031)
	at org.testng.remote.AbstractRemoteTestNG.run(AbstractRemoteTestNG.java:115)
	at org.testng.remote.RemoteTestNG.initAndRun(RemoteTestNG.java:293)
	at org.testng.remote.RemoteTestNG.main(RemoteTestNG.java:91)
2025-11-30 23:39:18 [main] INFO  testCases.LoginPageTest - verify login test case started
2025-11-30 23:40:31 [main] INFO  testCases.LoginPageTest - verify login test case started
2025-11-30 23:40:33 [main] INFO  testCases.LoginPageTest - ******************finished verify login test**********
2025-11-30 23:41:04 [main] INFO  testCases.AccountRegistrationPageTest - *******verify user registration test cases started
2025-11-30 23:41:04 [main] INFO  testCases.AccountRegistrationPageTest - *******CLICKED ON MYACCOUNT LINK
2025-11-30 23:41:05 [main] INFO  testCases.AccountRegistrationPageTest - *******CLICKED ON Register LINK
2025-11-30 23:41:05 [main] INFO  testCases.AccountRegistrationPageTest - ******providing customer details
2025-11-30 23:41:07 [main] INFO  testCases.AccountRegistrationPageTest - *******Validating expected message
2025-11-30 23:41:07 [main] INFO  testCases.AccountRegistrationPageTest - ************verify account registration test finished********
2025-11-30 23:41:12 [main] INFO  testCases.LoginPageTest - verify login test case started
2025-11-30 23:41:14 [main] INFO  testCases.LoginPageTest - ******************finished verify login test**********
