2025-12-01 14:28:19 [main] INFO  testCases.AccountRegistrationPageTest - *******verify user registration test cases started
2025-12-01 14:28:22 [main] INFO  testCases.AccountRegistrationPageTest - *******CLICKED ON MYACCOUNT LINK
2025-12-01 14:28:23 [main] INFO  testCases.AccountRegistrationPageTest - *******CLICKED ON Register LINK
2025-12-01 14:28:23 [main] INFO  testCases.AccountRegistrationPageTest - ******providing customer details
2025-12-01 14:28:30 [main] INFO  testCases.AccountRegistrationPageTest - *******Validating expected message
2025-12-01 14:28:30 [main] INFO  testCases.AccountRegistrationPageTest - ************verify account registration test finished********
2025-12-01 14:28:38 [main] INFO  testCases.LoginPageTest - verify login test case started
2025-12-01 14:28:43 [main] INFO  testCases.LoginPageTest - ******************finished verify login test**********
2025-12-01 14:33:55 [main] INFO  testCases.LoginPageDDT - verify login DDT test case started
2025-12-01 14:34:00 [main] INFO  testCases.LoginPageDDT - verify login DDT test case started
2025-12-01 14:34:11 [main] INFO  testCases.LoginPageDDT - verify login DDT test case started
2025-12-01 14:34:11 [main] INFO  testCases.LoginPageDDT - verify login DDT test case started
2025-12-01 14:34:46 [main] INFO  testCases.LoginPageDDT - verify login DDT test case started
2025-12-01 14:34:47 [main] INFO  testCases.LoginPageDDT - verify login DDT test case started
2025-12-01 14:34:47 [main] INFO  testCases.LoginPageDDT - verify login DDT test case started
2025-12-01 14:34:48 [main] INFO  testCases.LoginPageDDT - verify login DDT test case started
2025-12-01 15:11:12 [main] INFO  testCases.LoginPageDDT - verify login DDT test case started
2025-12-01 15:12:18 [main] INFO  testCases.LoginPageDDT - verify login DDT test case started
2025-12-01 15:12:21 [main] INFO  testCases.LoginPageDDT - verify login DDT test case started
2025-12-01 15:12:51 [main] INFO  testCases.LoginPageDDT - ********login page ddt finished*****
2025-12-01 15:12:51 [main] INFO  testCases.LoginPageDDT - verify login DDT test case started
2025-12-01 15:12:52 [main] INFO  testCases.LoginPageDDT - ********login page ddt finished*****
2025-12-01 15:12:52 [main] INFO  testCases.LoginPageDDT - verify login DDT test case started
2025-12-01 15:12:53 [main] INFO  testCases.LoginPageDDT - ********login page ddt finished*****
2025-12-01 15:14:03 [main] INFO  testCases.LoginPageDDT - verify login DDT test case started
2025-12-01 15:14:05 [main] INFO  testCases.LoginPageDDT - verify login DDT test case started
2025-12-01 15:14:21 [main] INFO  testCases.LoginPageDDT - verify login DDT test case started
2025-12-01 15:14:25 [main] INFO  testCases.LoginPageDDT - verify login DDT test case started
2025-12-01 15:14:51 [main] INFO  testCases.LoginPageDDT - verify login DDT test case started
2025-12-01 15:14:53 [main] INFO  testCases.LoginPageDDT - verify login DDT test case started
2025-12-01 15:14:57 [main] INFO  testCases.LoginPageDDT - verify login DDT test case started
2025-12-01 15:15:00 [main] INFO  testCases.LoginPageDDT - verify login DDT test case started
2025-12-01 15:15:20 [main] INFO  testCases.LoginPageDDT - verify login DDT test case started
2025-12-01 15:15:22 [main] INFO  testCases.LoginPageDDT - verify login DDT test case started
2025-12-01 15:15:25 [main] INFO  testCases.LoginPageDDT - verify login DDT test case started
2025-12-01 15:15:29 [main] INFO  testCases.LoginPageDDT - verify login DDT test case started
2025-12-01 15:20:03 [main] INFO  testCases.LoginPageDDT - verify login DDT test case started
2025-12-01 15:20:10 [main] INFO  testCases.LoginPageDDT - ********login page ddt finished*****
2025-12-01 15:20:10 [main] INFO  testCases.LoginPageDDT - verify login DDT test case started
2025-12-01 15:20:13 [main] INFO  testCases.LoginPageDDT - verify login DDT test case started
2025-12-01 15:20:17 [main] INFO  testCases.LoginPageDDT - verify login DDT test case started
2025-12-01 15:38:48 [main] INFO  testCases.LoginPageDDT - verify login DDT test case started
2025-12-01 15:39:03 [main] INFO  testCases.LoginPageDDT - verify login DDT test case started
2025-12-01 15:39:06 [main] INFO  testCases.LoginPageDDT - verify login DDT test case started
2025-12-01 15:39:07 [main] INFO  testCases.LoginPageDDT - verify login DDT test case started
2025-12-01 15:39:22 [main] INFO  testCases.LoginPageDDT - verify login DDT test case started
2025-12-01 15:39:24 [main] INFO  testCases.LoginPageDDT - ********login page ddt finished*****
2025-12-01 15:39:24 [main] INFO  testCases.LoginPageDDT - verify login DDT test case started
2025-12-01 15:39:27 [main] INFO  testCases.LoginPageDDT - verify login DDT test case started
2025-12-01 15:39:31 [main] INFO  testCases.LoginPageDDT - verify login DDT test case started
2025-12-01 15:39:52 [main] INFO  testCases.LoginPageDDT - verify login DDT test case started
2025-12-01 15:39:54 [main] INFO  testCases.LoginPageDDT - ********login page ddt finished*****
2025-12-01 15:39:54 [main] INFO  testCases.LoginPageDDT - verify login DDT test case started
2025-12-01 15:39:58 [main] INFO  testCases.LoginPageDDT - verify login DDT test case started
2025-12-01 15:40:01 [main] INFO  testCases.LoginPageDDT - verify login DDT test case started
2025-12-01 15:40:31 [main] INFO  testCases.LoginPageDDT - verify login DDT test case started
2025-12-01 15:40:33 [main] INFO  testCases.LoginPageDDT - ********login page ddt finished*****
2025-12-01 15:40:33 [main] INFO  testCases.LoginPageDDT - verify login DDT test case started
2025-12-01 15:40:36 [main] INFO  testCases.LoginPageDDT - verify login DDT test case started
2025-12-01 15:40:40 [main] INFO  testCases.LoginPageDDT - verify login DDT test case started
2025-12-01 15:43:40 [main] INFO  testCases.LoginPageDDT - verify login DDT test case started
2025-12-01 15:43:42 [main] INFO  testCases.LoginPageDDT - ********login page ddt finished*****
2025-12-01 15:43:42 [main] INFO  testCases.LoginPageDDT - verify login DDT test case started
2025-12-01 15:43:44 [main] INFO  testCases.LoginPageDDT - ********login page ddt finished*****
2025-12-01 15:43:44 [main] INFO  testCases.LoginPageDDT - verify login DDT test case started
2025-12-01 15:43:45 [main] INFO  testCases.LoginPageDDT - ********login page ddt finished*****
2025-12-01 15:43:45 [main] INFO  testCases.LoginPageDDT - verify login DDT test case started
2025-12-01 15:43:47 [main] INFO  testCases.LoginPageDDT - ********login page ddt finished*****
2025-12-01 15:46:38 [main] INFO  testCases.LoginPageDDT - verify login DDT test case started
2025-12-01 15:46:40 [main] INFO  testCases.LoginPageDDT - ********login page ddt finished*****
2025-12-01 15:46:40 [main] INFO  testCases.LoginPageDDT - verify login DDT test case started
2025-12-01 15:46:43 [main] INFO  testCases.LoginPageDDT - ********login page ddt finished*****
2025-12-01 15:46:43 [main] INFO  testCases.LoginPageDDT - verify login DDT test case started
2025-12-01 15:46:45 [main] INFO  testCases.LoginPageDDT - ********login page ddt finished*****
2025-12-01 15:46:45 [main] INFO  testCases.LoginPageDDT - verify login DDT test case started
2025-12-01 15:46:46 [main] INFO  testCases.LoginPageDDT - ********login page ddt finished*****
2025-12-01 15:58:31 [main] INFO  testCases.LoginPageDDT - verify login DDT test case started
2025-12-01 15:58:32 [main] INFO  testCases.LoginPageDDT - verify login DDT test case started
2025-12-01 15:58:34 [main] INFO  testCases.LoginPageDDT - ********login page ddt finished*****
2025-12-01 15:58:34 [main] INFO  testCases.LoginPageDDT - verify login DDT test case started
2025-12-01 15:58:36 [main] INFO  testCases.LoginPageDDT - ********login page ddt finished*****
2025-12-01 15:58:36 [main] INFO  testCases.LoginPageDDT - verify login DDT test case started
2025-12-01 15:58:37 [main] INFO  testCases.LoginPageDDT - ********login page ddt finished*****
2025-12-01 15:59:26 [main] INFO  testCases.LoginPageDDT - verify login DDT test case started
2025-12-01 15:59:27 [main] INFO  testCases.LoginPageDDT - ********login page ddt finished*****
2025-12-01 15:59:27 [main] INFO  testCases.LoginPageDDT - verify login DDT test case started
2025-12-01 15:59:29 [main] INFO  testCases.LoginPageDDT - ********login page ddt finished*****
2025-12-01 15:59:29 [main] INFO  testCases.LoginPageDDT - verify login DDT test case started
2025-12-01 15:59:30 [main] INFO  testCases.LoginPageDDT - ********login page ddt finished*****
2025-12-01 15:59:30 [main] INFO  testCases.LoginPageDDT - verify login DDT test case started
2025-12-01 15:59:32 [main] INFO  testCases.LoginPageDDT - ********login page ddt finished*****
2025-12-01 16:43:31 [main] INFO  testCases.AccountRegistrationPageTest - *******verify user registration test cases started
2025-12-01 16:43:35 [main] INFO  testCases.AccountRegistrationPageTest - *******CLICKED ON MYACCOUNT LINK
2025-12-01 16:43:35 [main] INFO  testCases.AccountRegistrationPageTest - *******CLICKED ON Register LINK
2025-12-01 16:43:35 [main] INFO  testCases.AccountRegistrationPageTest - ******providing customer details
2025-12-01 16:43:37 [main] INFO  testCases.AccountRegistrationPageTest - *******Validating expected message
2025-12-01 16:43:37 [main] INFO  testCases.AccountRegistrationPageTest - ************verify account registration test finished********
2025-12-01 16:43:45 [main] INFO  testCases.LoginPageTest - verify login test case started
2025-12-01 16:43:47 [main] INFO  testCases.LoginPageTest - ******************finished verify login test**********
2025-12-01 18:25:46 [main] INFO  testCases.AccountRegistrationPageTest - *******verify user registration test cases started
2025-12-01 18:25:50 [main] ERROR testCases.AccountRegistrationPageTest - Unexpected error during registration test!
org.openqa.selenium.TimeoutException: Expected condition failed: waiting for element to be clickable: [[ChromeDriver: chrome on windows (45d0aa6ef325bc2660e3677889f47c3e)] -> xpath: //span[text()='My Account']] (tried for 3 second(s) with 500 milliseconds interval)
Build info: version: '4.31.0', revision: '1ef9f18787*'
System info: os.name: 'Windows 11', os.arch: 'amd64', os.version: '10.0', java.version: '23.0.2'
Driver info: org.openqa.selenium.chrome.ChromeDriver
Capabilities {acceptInsecureCerts: false, browserName: chrome, browserVersion: 142.0.7444.176, chrome: {chromedriverVersion: 142.0.7444.175 (302067f14a4..., userDataDir: C:\Users\Shashank\AppData\L...}, fedcm:accounts: true, goog:chromeOptions: {debuggerAddress: localhost:60978}, goog:processID: 18764, networkConnectionEnabled: false, pageLoadStrategy: normal, platformName: windows, proxy: Proxy(), se:cdp: ws://localhost:60978/devtoo..., se:cdpVersion: 142.0.7444.176, setWindowRect: true, strictFileInteractability: false, timeouts: {implicit: 0, pageLoad: 300000, script: 30000}, unhandledPromptBehavior: dismiss and notify, webauthn:extension:credBlob: true, webauthn:extension:largeBlob: true, webauthn:extension:minPinLength: true, webauthn:extension:prf: true, webauthn:virtualAuthenticators: true}
Session ID: 45d0aa6ef325bc2660e3677889f47c3e
	at org.openqa.selenium.support.ui.WebDriverWait.timeoutException(WebDriverWait.java:84)
	at org.openqa.selenium.support.ui.FluentWait.until(FluentWait.java:228)
	at pageObjects.HomePage.clickMyAccount(HomePage.java:40)
	at testCases.AccountRegistrationPageTest.verifyUserRegistration(AccountRegistrationPageTest.java:24)
	at java.base/jdk.internal.reflect.DirectMethodHandleAccessor.invoke(DirectMethodHandleAccessor.java:103)
	at java.base/java.lang.reflect.Method.invoke(Method.java:580)
	at org.testng.internal.MethodInvocationHelper.invokeMethod(MethodInvocationHelper.java:133)
	at org.testng.internal.TestInvoker.invokeMethod(TestInvoker.java:598)
	at org.testng.internal.TestInvoker.invokeTestMethod(TestInvoker.java:173)
	at org.testng.internal.MethodRunner.runInSequence(MethodRunner.java:46)
	at org.testng.internal.TestInvoker$MethodInvocationAgent.invoke(TestInvoker.java:824)
	at org.testng.internal.TestInvoker.invokeTestMethods(TestInvoker.java:146)
	at org.testng.internal.TestMethodWorker.invokeTestMethods(TestMethodWorker.java:146)
	at org.testng.internal.TestMethodWorker.run(TestMethodWorker.java:128)
	at java.base/java.util.ArrayList.forEach(ArrayList.java:1597)
	at org.testng.TestRunner.privateRun(TestRunner.java:794)
	at org.testng.TestRunner.run(TestRunner.java:596)
	at org.testng.SuiteRunner.runTest(SuiteRunner.java:377)
	at org.testng.SuiteRunner.runSequentially(SuiteRunner.java:371)
	at org.testng.SuiteRunner.privateRun(SuiteRunner.java:332)
	at org.testng.SuiteRunner.run(SuiteRunner.java:276)
	at org.testng.SuiteRunnerWorker.runSuite(SuiteRunnerWorker.java:53)
	at org.testng.SuiteRunnerWorker.run(SuiteRunnerWorker.java:96)
	at org.testng.TestNG.runSuitesSequentially(TestNG.java:1212)
	at org.testng.TestNG.runSuitesLocally(TestNG.java:1134)
	at org.testng.TestNG.runSuites(TestNG.java:1063)
	at org.testng.TestNG.run(TestNG.java:1031)
	at org.testng.remote.AbstractRemoteTestNG.run(AbstractRemoteTestNG.java:115)
	at org.testng.remote.RemoteTestNG.initAndRun(RemoteTestNG.java:293)
	at org.testng.remote.RemoteTestNG.main(RemoteTestNG.java:91)
2025-12-01 18:26:21 [main] INFO  testCases.LoginPageTest - verify login test case started
2025-12-01 18:26:31 [main] INFO  testCases.LoginPageTest - ******************finished verify login test**********
2025-12-01 18:28:16 [main] INFO  testCases.LoginPageTest - verify login test case started
2025-12-01 18:28:20 [main] INFO  testCases.LoginPageTest - ******************finished verify login test**********
2025-12-01 19:58:36 [main] INFO  testCases.AccountRegistrationPageTest - *******verify user registration test cases started
2025-12-01 19:58:41 [main] INFO  testCases.AccountRegistrationPageTest - *******CLICKED ON MYACCOUNT LINK
2025-12-01 19:58:42 [main] INFO  testCases.AccountRegistrationPageTest - *******CLICKED ON Register LINK
2025-12-01 19:58:42 [main] INFO  testCases.AccountRegistrationPageTest - ******providing customer details
2025-12-01 19:59:09 [main] INFO  testCases.AccountRegistrationPageTest - *******Validating expected message
2025-12-01 19:59:10 [main] INFO  testCases.AccountRegistrationPageTest - ************verify account registration test finished********
2025-12-01 19:59:33 [main] INFO  testCases.LoginPageTest - verify login test case started
2025-12-01 20:02:12 [main] INFO  testCases.LoginPageTest - ******************finished verify login test**********
2025-12-01 20:04:33 [main] INFO  testCases.AccountRegistrationPageTest - *******verify user registration test cases started
2025-12-01 20:04:36 [main] INFO  testCases.AccountRegistrationPageTest - *******CLICKED ON MYACCOUNT LINK
2025-12-01 20:04:37 [main] INFO  testCases.AccountRegistrationPageTest - *******CLICKED ON Register LINK
2025-12-01 20:04:37 [main] INFO  testCases.AccountRegistrationPageTest - ******providing customer details
2025-12-01 20:04:40 [main] INFO  testCases.AccountRegistrationPageTest - *******Validating expected message
2025-12-01 20:04:41 [main] INFO  testCases.AccountRegistrationPageTest - ************verify account registration test finished********
2025-12-01 20:04:47 [main] INFO  testCases.LoginPageTest - verify login test case started
2025-12-01 20:04:53 [main] INFO  testCases.LoginPageTest - ******************finished verify login test**********
2025-12-01 20:07:53 [main] INFO  testCases.AccountRegistrationPageTest - *******verify user registration test cases started
2025-12-01 20:07:56 [main] ERROR testCases.AccountRegistrationPageTest - Unexpected error during registration test!
org.openqa.selenium.TimeoutException: Expected condition failed: waiting for element to be clickable: [[ChromeDriver: chrome on windows (86ec3b9c71698785e0586054b791fcce)] -> xpath: //span[text()='My Account']] (tried for 3 second(s) with 500 milliseconds interval)
Build info: version: '4.31.0', revision: '1ef9f18787*'
System info: os.name: 'Windows 11', os.arch: 'amd64', os.version: '10.0', java.version: '23.0.2'
Driver info: org.openqa.selenium.chrome.ChromeDriver
Capabilities {acceptInsecureCerts: false, browserName: chrome, browserVersion: 142.0.7444.176, chrome: {chromedriverVersion: 142.0.7444.175 (302067f14a4..., userDataDir: C:\Users\Shashank\AppData\L...}, fedcm:accounts: true, goog:chromeOptions: {debuggerAddress: localhost:50426}, goog:processID: 8848, networkConnectionEnabled: false, pageLoadStrategy: normal, platformName: windows, proxy: Proxy(), se:cdp: ws://localhost:50426/devtoo..., se:cdpVersion: 142.0.7444.176, setWindowRect: true, strictFileInteractability: false, timeouts: {implicit: 0, pageLoad: 300000, script: 30000}, unhandledPromptBehavior: dismiss and notify, webauthn:extension:credBlob: true, webauthn:extension:largeBlob: true, webauthn:extension:minPinLength: true, webauthn:extension:prf: true, webauthn:virtualAuthenticators: true}
Session ID: 86ec3b9c71698785e0586054b791fcce
	at org.openqa.selenium.support.ui.WebDriverWait.timeoutException(WebDriverWait.java:84)
	at org.openqa.selenium.support.ui.FluentWait.until(FluentWait.java:228)
	at pageObjects.HomePage.clickMyAccount(HomePage.java:40)
	at testCases.AccountRegistrationPageTest.verifyUserRegistration(AccountRegistrationPageTest.java:24)
	at java.base/jdk.internal.reflect.DirectMethodHandleAccessor.invoke(DirectMethodHandleAccessor.java:103)
	at java.base/java.lang.reflect.Method.invoke(Method.java:580)
	at org.testng.internal.MethodInvocationHelper.invokeMethod(MethodInvocationHelper.java:133)
	at org.testng.internal.TestInvoker.invokeMethod(TestInvoker.java:598)
	at org.testng.internal.TestInvoker.invokeTestMethod(TestInvoker.java:173)
	at org.testng.internal.MethodRunner.runInSequence(MethodRunner.java:46)
	at org.testng.internal.TestInvoker$MethodInvocationAgent.invoke(TestInvoker.java:824)
	at org.testng.internal.TestInvoker.invokeTestMethods(TestInvoker.java:146)
	at org.testng.internal.TestMethodWorker.invokeTestMethods(TestMethodWorker.java:146)
	at org.testng.internal.TestMethodWorker.run(TestMethodWorker.java:128)
	at java.base/java.util.ArrayList.forEach(ArrayList.java:1597)
	at org.testng.TestRunner.privateRun(TestRunner.java:794)
	at org.testng.TestRunner.run(TestRunner.java:596)
	at org.testng.SuiteRunner.runTest(SuiteRunner.java:377)
	at org.testng.SuiteRunner.runSequentially(SuiteRunner.java:371)
	at org.testng.SuiteRunner.privateRun(SuiteRunner.java:332)
	at org.testng.SuiteRunner.run(SuiteRunner.java:276)
	at org.testng.SuiteRunnerWorker.runSuite(SuiteRunnerWorker.java:53)
	at org.testng.SuiteRunnerWorker.run(SuiteRunnerWorker.java:96)
	at org.testng.TestNG.runSuitesSequentially(TestNG.java:1212)
	at org.testng.TestNG.runSuitesLocally(TestNG.java:1134)
	at org.testng.TestNG.runSuites(TestNG.java:1063)
	at org.testng.TestNG.run(TestNG.java:1031)
	at org.testng.remote.AbstractRemoteTestNG.run(AbstractRemoteTestNG.java:115)
	at org.testng.remote.RemoteTestNG.initAndRun(RemoteTestNG.java:293)
	at org.testng.remote.RemoteTestNG.main(RemoteTestNG.java:91)
2025-12-01 20:08:05 [main] INFO  testCases.LoginPageTest - verify login test case started
2025-12-01 20:10:27 [main] INFO  testCases.AccountRegistrationPageTest - *******verify user registration test cases started
2025-12-01 20:10:29 [main] INFO  testCases.AccountRegistrationPageTest - *******CLICKED ON MYACCOUNT LINK
2025-12-01 20:10:30 [main] INFO  testCases.AccountRegistrationPageTest - *******CLICKED ON Register LINK
2025-12-01 20:10:30 [main] INFO  testCases.AccountRegistrationPageTest - ******providing customer details
2025-12-01 20:10:32 [main] INFO  testCases.AccountRegistrationPageTest - *******Validating expected message
2025-12-01 20:10:32 [main] INFO  testCases.AccountRegistrationPageTest - ************verify account registration test finished********
2025-12-01 20:10:38 [main] INFO  testCases.LoginPageTest - verify login test case started
2025-12-01 20:14:23 [main] INFO  testCases.LoginPageTest - verify login test case started
2025-12-01 20:15:13 [main] INFO  testCases.LoginPageTest - verify login test case started
2025-12-01 20:23:53 [main] INFO  testCases.LoginPageTest - verify login test case started
2025-12-01 20:27:19 [main] INFO  testCases.LoginPageTest - verify login test case started
2025-12-01 20:28:13 [main] INFO  testCases.LoginPageTest - verify login test case started
2025-12-01 20:29:16 [main] INFO  testCases.LoginPageTest - verify login test case started
2025-12-01 20:33:17 [main] INFO  testCases.LoginPageTest - verify login test case started
2025-12-01 20:39:39 [main] INFO  testCases.LoginPageTest - verify login test case started
2025-12-01 20:42:50 [main] INFO  testCases.LoginPageTest - verify login test case started
2025-12-01 20:44:38 [main] INFO  testCases.LoginPageTest - verify login test case started
2025-12-01 22:32:05 [main] INFO  testCases.LoginPageTest - verify login test case started
2025-12-01 22:40:10 [main] INFO  testCases.LoginPageTest - verify login test case started
2025-12-01 22:41:08 [main] INFO  testCases.LoginPageTest - verify login test case started
2025-12-01 22:42:07 [main] INFO  testCases.LoginPageTest - verify login test case started
