<?xml version="1.0" encoding="UTF-8"?>
<testsuite xmlns:xsi="http://www.w3.org/2001/XMLSchema-instance" xsi:noNamespaceSchemaLocation="https://maven.apache.org/surefire/maven-surefire-plugin/xsd/surefire-test-report-3.0.xsd" version="3.0" name="TestSuite" time="55.252" tests="1" errors="0" skipped="0" failures="0">
  <properties>
[...]
</properties>
  <testcase name="verify_login" classname="testCases.LoginPageTest" time="4.354">
    <system-out><![CDATA[Browser: chrome, Environment: qa
2025-12-02 22:45:29 [main] INFO  testCases.LoginPageTest - verify login test case started
2025-12-02 22:45:33 [main] INFO  testCases.LoginPageTest - ===== Login Test Passed =====
2025-12-02 22:45:33 [main] INFO  testCases.LoginPageTest - ******************finished verify login test**********
]]></system-out>
    <system-err><![CDATA[Dec 02, 2025 10:45:22 PM org.openqa.selenium.devtools.CdpVersionFinder findNearestMatch
WARNING: Unable to find CDP implementation matching 142
Dec 02, 2025 10:45:22 PM org.openqa.selenium.chromium.ChromiumDriver lambda$new$4
WARNING: Unable to find version of CDP to use for 142.0.7444.176. You may need to include a dependency on a specific version of the CDP using something similar to `org.seleniumhq.selenium:selenium-devtools-v86:4.31.0` where the version ("v86") matches the version of the chromium-based browser you're using and the version number of the artifact is the same as Selenium's.
]]></system-err>
  </testcase>
</testsuite>